<?xml version="1.0" encoding="UTF-8"?>
<!-- Generated by org.testng.reporters.JUnitXMLReporter -->
<testsuite ignored="0" hostname="LAPTOP-EH9HKVKU" failures="0" tests="4" name="Default test" time="7.413" errors="0" timestamp="2024-09-16T11:11:48 IST">
  <testcase classname="testcase.api.SetData" name="postTest" time="2.707"/>
  <testcase classname="testcase.api.SetData" name="getTest" time="1.074"/>
  <testcase classname="testcase.api.SetData" name="putTest" time="2.098"/>
  <testcase classname="testcase.api.SetData" name="deleteUser" time="1.082"/>
</testsuite> <!-- Default test -->
