<?xml version="1.0" encoding="UTF-8"?>
<!-- Generated by org.testng.reporters.JUnitXMLReporter -->
<testsuite ignored="0" hostname="LAPTOP-EH9HKVKU" failures="0" tests="4" name="Test" time="10.526" errors="0" timestamp="2024-09-18T11:10:50 IST">
  <testcase classname="testcase.api.SetData" name="postTest" time="3.349"/>
  <testcase classname="testcase.api.SetData" name="getTest" time="1.394"/>
  <testcase classname="testcase.api.SetData" name="putTest" time="3.908"/>
  <testcase classname="testcase.api.SetData" name="deleteUser" time="1.326"/>
</testsuite> <!-- Test -->
