<?xml version="1.0" encoding="UTF-8"?>
<!-- Generated by org.testng.reporters.JUnitXMLReporter -->
<testsuite ignored="0" hostname="LAPTOP-EH9HKVKU" failures="0" tests="4" name="Test" time="11.058" errors="0" timestamp="2024-09-19T11:15:20 IST">
  <testcase classname="testcase.api.SetData" name="postTest" time="5.507"/>
  <testcase classname="testcase.api.SetData" name="getTest" time="1.337"/>
  <testcase classname="testcase.api.SetData" name="putTest" time="2.119"/>
  <testcase classname="testcase.api.SetData" name="deleteUser" time="1.078"/>
</testsuite> <!-- Test -->
