<?xml version="1.0" encoding="UTF-8"?>
<testng-results ignored="0" total="4" passed="4" failed="0" skipped="0">
  <reporter-output>
  </reporter-output>
  <suite started-at="2024-09-19T11:15:08 IST" name="Suite" finished-at="2024-09-19T11:15:19 IST" duration-ms="11058">
    <groups>
    </groups>
    <test started-at="2024-09-19T11:15:08 IST" name="Test" finished-at="2024-09-19T11:15:19 IST" duration-ms="11058">
      <class name="testcase.api.SetData">
        <test-method is-config="true" signature="setUp()[pri:0, instance:testcase.api.SetData@58fb7731]" started-at="2024-09-19T11:15:09 IST" name="setUp" finished-at="2024-09-19T11:15:09 IST" duration-ms="454" status="PASS">
          <reporter-output>
          </reporter-output>
        </test-method> <!-- setUp -->
        <test-method signature="postTest()[pri:1, instance:testcase.api.SetData@58fb7731]" started-at="2024-09-19T11:15:09 IST" name="postTest" finished-at="2024-09-19T11:15:15 IST" duration-ms="5507" status="PASS">
          <reporter-output>
          </reporter-output>
        </test-method> <!-- postTest -->
        <test-method signature="getTest()[pri:2, instance:testcase.api.SetData@58fb7731]" started-at="2024-09-19T11:15:15 IST" name="getTest" finished-at="2024-09-19T11:15:16 IST" duration-ms="1337" status="PASS">
          <reporter-output>
          </reporter-output>
        </test-method> <!-- getTest -->
        <test-method signature="putTest()[pri:3, instance:testcase.api.SetData@58fb7731]" started-at="2024-09-19T11:15:16 IST" name="putTest" finished-at="2024-09-19T11:15:18 IST" duration-ms="2119" status="PASS">
          <reporter-output>
          </reporter-output>
        </test-method> <!-- putTest -->
        <test-method signature="deleteUser()[pri:4, instance:testcase.api.SetData@58fb7731]" started-at="2024-09-19T11:15:18 IST" name="deleteUser" finished-at="2024-09-19T11:15:19 IST" duration-ms="1078" status="PASS">
          <reporter-output>
          </reporter-output>
        </test-method> <!-- deleteUser -->
      </class> <!-- testcase.api.SetData -->
    </test> <!-- Test -->
  </suite> <!-- Suite -->
</testng-results>
