<?xml version="1.0" encoding="UTF-8"?>
<testsuite xmlns:xsi="http://www.w3.org/2001/XMLSchema-instance" xsi:noNamespaceSchemaLocation="https://maven.apache.org/surefire/maven-surefire-plugin/xsd/surefire-test-report.xsd" version="3.0.2" name="TestSuite" time="14.193" tests="4" errors="0" skipped="0" failures="0">
  <properties>
[...]
</properties>
  <testcase name="postTest" classname="testcase.api.SetData" time="5.507">
    <system-out><![CDATA[&amp#27;[35m24-09-19 11:15:08:374&amp#27;[m [&amp#27;[34mDEBUG&amp#27;[m] suiteXmlPath: "C:\Users\varun\Documents\Java Workspaces\API_August_2024\ApiNEWFramework\testng.xml"
&amp#27;[35m24-09-19 11:15:08:863&amp#27;[m [&amp#27;[30mTRACE&amp#27;[m] [Graph] ADDING NODE SetData.setUp()[pri:0, instance:null] -903322448
&amp#27;[35m24-09-19 11:15:08:865&amp#27;[m [&amp#27;[30mTRACE&amp#27;[m] [Graph] ================ SORTING
&amp#27;[35m24-09-19 11:15:08:874&amp#27;[m [&amp#27;[30mTRACE&amp#27;[m] [Graph] =============== DONE SORTING
&amp#27;[35m24-09-19 11:15:08:874&amp#27;[m [&amp#27;[30mTRACE&amp#27;[m] [Graph] ====== SORTED NODES
&amp#27;[35m24-09-19 11:15:08:875&amp#27;[m [&amp#27;[30mTRACE&amp#27;[m] [Graph] ====== END SORTED NODES
&amp#27;[35m24-09-19 11:15:08:896&amp#27;[m [&amp#27;[30mTRACE&amp#27;[m] [Graph] ADDING NODE SetData.setUp()[pri:0, instance:testcase.api.SetData@58fb7731] -740317055
&amp#27;[35m24-09-19 11:15:08:897&amp#27;[m [&amp#27;[30mTRACE&amp#27;[m] [Graph] ================ SORTING
&amp#27;[35m24-09-19 11:15:08:898&amp#27;[m [&amp#27;[30mTRACE&amp#27;[m] [Graph] =============== DONE SORTING
&amp#27;[35m24-09-19 11:15:08:899&amp#27;[m [&amp#27;[30mTRACE&amp#27;[m] [Graph] ====== SORTED NODES
&amp#27;[35m24-09-19 11:15:08:899&amp#27;[m [&amp#27;[30mTRACE&amp#27;[m] [Graph] ====== END SORTED NODES
&amp#27;[35m24-09-19 11:15:08:904&amp#27;[m [&amp#27;[30mTRACE&amp#27;[m] [Graph] ADDING NODE SetData.deleteUser()[pri:4, instance:testcase.api.SetData@58fb7731] 1673688088
&amp#27;[35m24-09-19 11:15:08:905&amp#27;[m [&amp#27;[30mTRACE&amp#27;[m] [Graph] ADDING NODE SetData.putTest()[pri:3, instance:testcase.api.SetData@58fb7731] -476567995
&amp#27;[35m24-09-19 11:15:08:905&amp#27;[m [&amp#27;[30mTRACE&amp#27;[m] [Graph] ADDING NODE SetData.postTest()[pri:1, instance:testcase.api.SetData@58fb7731] -1380805804
&amp#27;[35m24-09-19 11:15:08:906&amp#27;[m [&amp#27;[30mTRACE&amp#27;[m] [Graph] ADDING NODE SetData.getTest()[pri:2, instance:testcase.api.SetData@58fb7731] 118578286
&amp#27;[35m24-09-19 11:15:08:906&amp#27;[m [&amp#27;[30mTRACE&amp#27;[m] [Graph] ================ SORTING
&amp#27;[35m24-09-19 11:15:08:914&amp#27;[m [&amp#27;[30mTRACE&amp#27;[m] [Graph] =============== DONE SORTING
&amp#27;[35m24-09-19 11:15:08:915&amp#27;[m [&amp#27;[30mTRACE&amp#27;[m] [Graph] ====== SORTED NODES
&amp#27;[35m24-09-19 11:15:08:915&amp#27;[m [&amp#27;[30mTRACE&amp#27;[m] [Graph] ====== END SORTED NODES
HTTP/1.1 200 OK
Date: Thu, 19 Sep 2024 05:45:14 GMT
Content-Type: application/json
Transfer-Encoding: chunked
Connection: keep-alive
Access-Control-Allow-Origin: *
Access-Control-Allow-Methods: GET, POST, DELETE, PUT
Access-Control-Allow-Headers: Content-Type, api_key, Authorization
Server: Jetty(9.2.9.v20150224)

{
    "code": 200,
    "type": "unknown",
    "message": "214313531"
}
]]></system-out>
  </testcase>
  <testcase name="getTest" classname="testcase.api.SetData" time="1.341">
    <system-out><![CDATA[HTTP/1.1 200 OK
Date: Thu, 19 Sep 2024 05:45:16 GMT
Content-Type: application/json
Transfer-Encoding: chunked
Connection: keep-alive
Access-Control-Allow-Origin: *
Access-Control-Allow-Methods: GET, POST, DELETE, PUT
Access-Control-Allow-Headers: Content-Type, api_key, Authorization
Server: Jetty(9.2.9.v20150224)

{
    "id": 214313531,
    "username": "jacinta.orn",
    "email": "dulcie.mraz@example.com",
    "password": "6xr98a4i",
    "phone": "1-475-387-5295",
    "userStatus": 0
}
]]></system-out>
  </testcase>
  <testcase name="putTest" classname="testcase.api.SetData" time="2.118">
    <system-out><![CDATA[HTTP/1.1 200 OK
Date: Thu, 19 Sep 2024 05:45:17 GMT
Content-Type: application/json
Transfer-Encoding: chunked
Connection: keep-alive
Access-Control-Allow-Origin: *
Access-Control-Allow-Methods: GET, POST, DELETE, PUT
Access-Control-Allow-Headers: Content-Type, api_key, Authorization
Server: Jetty(9.2.9.v20150224)

{
    "code": 200,
    "type": "unknown",
    "message": "214313531"
}
After Update
HTTP/1.1 200 OK
Date: Thu, 19 Sep 2024 05:45:18 GMT
Content-Type: application/json
Transfer-Encoding: chunked
Connection: keep-alive
Access-Control-Allow-Origin: *
Access-Control-Allow-Methods: GET, POST, DELETE, PUT
Access-Control-Allow-Headers: Content-Type, api_key, Authorization
Server: Jetty(9.2.9.v20150224)

{
    "id": 214313531,
    "username": "nancy.hammes",
    "email": "dulcie.mraz@example.com",
    "password": "6xr98a4i",
    "phone": "1-475-387-5295",
    "userStatus": 0
}
]]></system-out>
  </testcase>
  <testcase name="deleteUser" classname="testcase.api.SetData" time="1.079">
    <system-out><![CDATA[HTTP/1.1 200 OK
Date: Thu, 19 Sep 2024 05:45:19 GMT
Content-Type: application/json
Transfer-Encoding: chunked
Connection: keep-alive
Access-Control-Allow-Origin: *
Access-Control-Allow-Methods: GET, POST, DELETE, PUT
Access-Control-Allow-Headers: Content-Type, api_key, Authorization
Server: Jetty(9.2.9.v20150224)

{
    "code": 200,
    "type": "unknown",
    "message": "nancy.hammes"
}
]]></system-out>
  </testcase>
</testsuite>