<?xml version="1.0" encoding="UTF-8"?>
<testng-results ignored="0" total="4" passed="4" failed="0" skipped="0">
  <reporter-output>
  </reporter-output>
  <suite started-at="2024-09-18T11:10:40 IST" name="Suite" finished-at="2024-09-18T11:10:50 IST" duration-ms="10526">
    <groups>
    </groups>
    <test started-at="2024-09-18T11:10:40 IST" name="Test" finished-at="2024-09-18T11:10:50 IST" duration-ms="10526">
      <class name="testcase.api.SetData">
        <test-method is-config="true" signature="setUp()[pri:0, instance:testcase.api.SetData@245a26e1]" started-at="2024-09-18T11:10:40 IST" name="setUp" finished-at="2024-09-18T11:10:40 IST" duration-ms="205" status="PASS">
          <reporter-output>
          </reporter-output>
        </test-method> <!-- setUp -->
        <test-method signature="postTest()[pri:1, instance:testcase.api.SetData@245a26e1]" started-at="2024-09-18T11:10:40 IST" name="postTest" finished-at="2024-09-18T11:10:43 IST" duration-ms="3349" status="PASS">
          <reporter-output>
          </reporter-output>
        </test-method> <!-- postTest -->
        <test-method signature="getTest()[pri:2, instance:testcase.api.SetData@245a26e1]" started-at="2024-09-18T11:10:43 IST" name="getTest" finished-at="2024-09-18T11:10:45 IST" duration-ms="1394" status="PASS">
          <reporter-output>
          </reporter-output>
        </test-method> <!-- getTest -->
        <test-method signature="putTest()[pri:3, instance:testcase.api.SetData@245a26e1]" started-at="2024-09-18T11:10:45 IST" name="putTest" finished-at="2024-09-18T11:10:49 IST" duration-ms="3908" status="PASS">
          <reporter-output>
          </reporter-output>
        </test-method> <!-- putTest -->
        <test-method signature="deleteUser()[pri:4, instance:testcase.api.SetData@245a26e1]" started-at="2024-09-18T11:10:49 IST" name="deleteUser" finished-at="2024-09-18T11:10:50 IST" duration-ms="1326" status="PASS">
          <reporter-output>
          </reporter-output>
        </test-method> <!-- deleteUser -->
      </class> <!-- testcase.api.SetData -->
    </test> <!-- Test -->
  </suite> <!-- Suite -->
</testng-results>
